[0.006s] Invoking command in '/home/jacob/offb/offboard_ladder/build/px4_msgs': /usr/bin/cmake /home/jacob/offb/offboard_ladder/src/px4_msgs -DCMAKE_INSTALL_PREFIX=/home/jacob/offb/offboard_ladder/install/px4_msgs
[0.063s] -- The C compiler identification is GNU 11.4.0
[0.101s] -- The CXX compiler identification is GNU 11.4.0
[0.107s] -- Detecting C compiler ABI info
[0.158s] -- Detecting C compiler ABI info - done
[0.164s] -- Check for working C compiler: /usr/bin/cc - skipped
[0.164s] -- Detecting C compile features
[0.164s] -- Detecting C compile features - done
[0.166s] -- Detecting CXX compiler ABI info
[0.220s] -- Detecting CXX compiler ABI info - done
[0.227s] -- Check for working CXX compiler: /usr/bin/c++ - skipped
[0.227s] -- Detecting CXX compile features
[0.227s] -- Detecting CXX compile features - done
[0.229s] -- Found ament_cmake: 1.3.11 (/opt/ros/humble/share/ament_cmake/cmake)
[0.459s] -- Found Python3: /usr/bin/python3 (found version "3.10.12") found components: Interpreter 
[0.511s] -- Found builtin_interfaces: 1.2.1 (/opt/ros/humble/share/builtin_interfaces/cmake)
[0.529s] -- Found rosidl_generator_c: 3.1.6 (/opt/ros/humble/share/rosidl_generator_c/cmake)
[0.531s] -- Found rosidl_adapter: 3.1.6 (/opt/ros/humble/share/rosidl_adapter/cmake)
[0.535s] -- Found rosidl_generator_cpp: 3.1.6 (/opt/ros/humble/share/rosidl_generator_cpp/cmake)
[0.541s] -- Using all available rosidl_typesupport_c: rosidl_typesupport_fastrtps_c;rosidl_typesupport_introspection_c
[0.550s] -- Using all available rosidl_typesupport_cpp: rosidl_typesupport_fastrtps_cpp;rosidl_typesupport_introspection_cpp
[0.557s] -- Found rosidl_default_generators: 1.2.0 (/opt/ros/humble/share/rosidl_default_generators/cmake)
[1.469s] -- Found ament_cmake_cppcheck: 0.12.12 (/opt/ros/humble/share/ament_cmake_cppcheck/cmake)
[1.470s] -- Found ament_cmake_cpplint: 0.12.12 (/opt/ros/humble/share/ament_cmake_cpplint/cmake)
[1.471s] -- Found ament_cmake_uncrustify: 0.12.12 (/opt/ros/humble/share/ament_cmake_uncrustify/cmake)
[1.472s] -- Found ament_cmake_ros: 0.10.0 (/opt/ros/humble/share/ament_cmake_ros/cmake)
[1.737s] -- Using all available rosidl_typesupport_c: rosidl_typesupport_fastrtps_c;rosidl_typesupport_introspection_c
[1.839s] -- Using all available rosidl_typesupport_cpp: rosidl_typesupport_fastrtps_cpp;rosidl_typesupport_introspection_cpp
[1.856s] -- Found PythonInterp: /usr/bin/python3 (found suitable version "3.10.12", minimum required is "3.6") 
[1.857s] -- Found python_cmake_module: 0.10.0 (/opt/ros/humble/share/python_cmake_module/cmake)
[1.881s] -- Found PythonLibs: /usr/lib/x86_64-linux-gnu/libpython3.10.so (found suitable version "3.10.12", minimum required is "3.5") 
[1.881s] -- Using PYTHON_EXECUTABLE: /usr/bin/python3
[1.881s] -- Using PYTHON_INCLUDE_DIRS: /usr/include/python3.10
[1.881s] -- Using PYTHON_LIBRARIES: /usr/lib/x86_64-linux-gnu/libpython3.10.so
[1.898s] -- Found PythonExtra: .so  
[1.939s] -- Found ament_cmake_flake8: 0.12.12 (/opt/ros/humble/share/ament_cmake_flake8/cmake)
[1.940s] -- Found ament_cmake_pep257: 0.12.12 (/opt/ros/humble/share/ament_cmake_pep257/cmake)
[1.948s] -- Configuring done
[2.166s] -- Generating done
[2.190s] -- Build files have been written to: /home/jacob/offb/offboard_ladder/build/px4_msgs
[2.201s] Invoked command in '/home/jacob/offb/offboard_ladder/build/px4_msgs' returned '0': /usr/bin/cmake /home/jacob/offb/offboard_ladder/src/px4_msgs -DCMAKE_INSTALL_PREFIX=/home/jacob/offb/offboard_ladder/install/px4_msgs
[2.202s] Invoking command in '/home/jacob/offb/offboard_ladder/build/px4_msgs': /usr/bin/cmake --build /home/jacob/offb/offboard_ladder/build/px4_msgs -- -j12 -l12
[2.516s] [  0%] [34m[1mGenerating C code for ROS interfaces[0m
[2.520s] [  0%] Built target ament_cmake_python_copy_px4_msgs
[2.541s] [  0%] [34m[1mGenerating C++ code for ROS interfaces[0m
[2.647s] running egg_info
[2.656s] creating px4_msgs.egg-info
[2.656s] writing px4_msgs.egg-info/PKG-INFO
[2.656s] writing dependency_links to px4_msgs.egg-info/dependency_links.txt
[2.656s] writing top-level names to px4_msgs.egg-info/top_level.txt
[2.656s] writing manifest file 'px4_msgs.egg-info/SOURCES.txt'
[2.680s] reading manifest file 'px4_msgs.egg-info/SOURCES.txt'
[2.681s] writing manifest file 'px4_msgs.egg-info/SOURCES.txt'
[2.701s] [  0%] Built target ament_cmake_python_build_px4_msgs_egg
[3.281s] Traceback (most recent call last):
[3.281s] Traceback (most recent call last):
[3.281s]   File "/opt/ros/humble/share/rosidl_generator_c/cmake/../../../lib/rosidl_generator_c/rosidl_generator_c", line 38, in <module>
[3.281s]   File "/opt/ros/humble/share/rosidl_generator_cpp/cmake/../../../lib/rosidl_generator_cpp/rosidl_generator_cpp", line 38, in <module>
[3.281s]     sys.exit(main())
[3.282s]     sys.exit(main())
[3.282s]   File "/opt/ros/humble/share/rosidl_generator_c/cmake/../../../lib/rosidl_generator_c/rosidl_generator_c", line 34, in main
[3.282s]   File "/opt/ros/humble/share/rosidl_generator_cpp/cmake/../../../lib/rosidl_generator_cpp/rosidl_generator_cpp", line 34, in main
[3.282s]     generate_c(args.generator_arguments_file)
[3.282s]     generate_cpp(args.generator_arguments_file)
[3.282s]   File "/opt/ros/humble/local/lib/python3.10/dist-packages/rosidl_generator_c/__init__.py", line 37, in generate_c
[3.282s]   File "/opt/ros/humble/local/lib/python3.10/dist-packages/rosidl_generator_cpp/__init__.py", line 39, in generate_cpp
[3.282s]     return generate_files(
[3.282s]     return generate_files(
[3.282s]   File "/opt/ros/humble/local/lib/python3.10/dist-packages/rosidl_cmake/__init__.py", line 74, in generate_files
[3.282s]   File "/opt/ros/humble/local/lib/python3.10/dist-packages/rosidl_cmake/__init__.py", line 74, in generate_files
[3.282s] gmake[2]: *** Deleting file 'rosidl_generator_cpp/px4_msgs/msg/ackermann_velocity_setpoint.hpp'
[3.282s] gmake[2]: *** Deleting file 'rosidl_generator_c/px4_msgs/msg/ackermann_velocity_setpoint.h'
[3.282s]     idl_file = parse_idl_file(locator)
[3.283s]     idl_file = parse_idl_file(locator)
[3.283s]   File "/opt/ros/humble/local/lib/python3.10/dist-packages/rosidl_parser/parser.py", line 64, in parse_idl_file
[3.283s]   File "/opt/ros/humble/local/lib/python3.10/dist-packages/rosidl_parser/parser.py", line 64, in parse_idl_file
[3.283s]     content = parse_idl_string(string, png_file=png_file)
[3.283s]     content = parse_idl_string(string, png_file=png_file)
[3.283s]   File "/opt/ros/humble/local/lib/python3.10/dist-packages/rosidl_parser/parser.py", line 72, in parse_idl_string
[3.283s]   File "/opt/ros/humble/local/lib/python3.10/dist-packages/rosidl_parser/parser.py", line 72, in parse_idl_string
[3.283s]     tree = get_ast_from_idl_string(idl_string)
[3.283s]   File "/opt/ros/humble/local/lib/python3.10/dist-packages/rosidl_parser/parser.py", line 89, in get_ast_from_idl_string
[3.283s]     tree = get_ast_from_idl_string(idl_string)
[3.283s]   File "/opt/ros/humble/local/lib/python3.10/dist-packages/rosidl_parser/parser.py", line 89, in get_ast_from_idl_string
[3.283s]     return _parser.parse(idl_string)
[3.283s]   File "/home/jacob/.local/lib/python3.10/site-packages/lark/lark.py", line 655, in parse
[3.283s]     return _parser.parse(idl_string)
[3.283s]   File "/home/jacob/.local/lib/python3.10/site-packages/lark/lark.py", line 655, in parse
[3.283s]     return self.parser.parse(text, start=start, on_error=on_error)
[3.283s]   File "/home/jacob/.local/lib/python3.10/site-packages/lark/parser_frontends.py", line 104, in parse
[3.284s]     return self.parser.parse(text, start=start, on_error=on_error)
[3.284s]     return self.parser.parse(stream, chosen_start, **kw)
[3.284s]   File "/home/jacob/.local/lib/python3.10/site-packages/lark/parser_frontends.py", line 104, in parse
[3.284s]   File "/home/jacob/.local/lib/python3.10/site-packages/lark/parsers/earley.py", line 280, in parse
[3.284s]     return self.parser.parse(stream, chosen_start, **kw)
[3.284s]   File "/home/jacob/.local/lib/python3.10/site-packages/lark/parsers/earley.py", line 280, in parse
[3.284s]     to_scan = self._parse(lexer, columns, to_scan, start_symbol)
[3.284s]   File "/home/jacob/.local/lib/python3.10/site-packages/lark/parsers/xearley.py", line 150, in _parse
[3.284s]     self.predict_and_complete(i, to_scan, columns, transitives)
[3.284s]     to_scan = self._parse(lexer, columns, to_scan, start_symbol)
[3.284s]   File "/home/jacob/.local/lib/python3.10/site-packages/lark/parsers/earley.py", line 165, in predict_and_complete
[3.284s]   File "/home/jacob/.local/lib/python3.10/site-packages/lark/parsers/xearley.py", line 150, in _parse
[3.284s]     if new_item.expect in self.TERMINALS:
[3.284s]   File "/home/jacob/.local/lib/python3.10/site-packages/lark/grammar.py", line 25, in __hash__
[3.284s]     self.predict_and_complete(i, to_scan, columns, transitives)
[3.284s]   File "/home/jacob/.local/lib/python3.10/site-packages/lark/parsers/earley.py", line 153, in predict_and_complete
[3.284s]     def __hash__(self):
[3.285s] KeyboardInterrupt
[3.285s]     new_item = Item(rule, 0, i)
[3.285s]   File "/home/jacob/.local/lib/python3.10/site-packages/lark/parsers/earley_common.py", line 9, in __init__
[3.285s]     def __init__(self, rule, ptr, start):
[3.285s] KeyboardInterrupt
[3.299s] gmake[2]: *** [CMakeFiles/px4_msgs__rosidl_generator_c.dir/build.make:315: rosidl_generator_c/px4_msgs/msg/ackermann_velocity_setpoint.h] Interrupt
[3.299s] gmake[1]: *** [CMakeFiles/Makefile2:212: CMakeFiles/px4_msgs__rosidl_generator_c.dir/all] Interrupt
[3.301s] gmake[2]: *** [CMakeFiles/px4_msgs__cpp.dir/build.make:1451: rosidl_generator_cpp/px4_msgs/msg/ackermann_velocity_setpoint.hpp] Interrupt
[3.301s] gmake[1]: *** [CMakeFiles/Makefile2:265: CMakeFiles/px4_msgs__cpp.dir/all] Interrupt
[3.301s] gmake: *** [Makefile:146: all] Interrupt
[3.303s] Invoked command in '/home/jacob/offb/offboard_ladder/build/px4_msgs' returned '-2': /usr/bin/cmake --build /home/jacob/offb/offboard_ladder/build/px4_msgs -- -j12 -l12
